[2023-03-05 20:27:44,320] INFO [org.hibernate.Version: 44] HHH000412: Hibernate ORM core version 5.5.6.Final
[2023-03-05 20:27:44,790] INFO [org.hibernate.annotations.common.Version: 56] HCANN000001: Hibernate Commons Annotations {5.1.2.Final}
[2023-03-05 20:27:45,024] WARN [org.hibernate.orm.connections.pooling: 72] HHH10001002: Using Hibernate built-in connection pool (not for production use!)
[2023-03-05 20:27:45,032] INFO [org.hibernate.orm.connections.pooling: 115] HHH10001005: using driver [org.postgresql.Driver] at URL [jdbc:postgresql://localhost:5434/postgres]
[2023-03-05 20:27:45,034] INFO [org.hibernate.orm.connections.pooling: 124] HHH10001001: Connection properties: {password=****, user=postgres}
[2023-03-05 20:27:45,035] INFO [org.hibernate.orm.connections.pooling: 129] HHH10001003: Autocommit mode: false
[2023-03-05 20:27:45,039] INFO [org.hibernate.engine.jdbc.connections.internal.DriverManagerConnectionProviderImpl: 274] HHH000115: Hibernate connection pool size: 20 (min=1)
[2023-03-05 20:27:45,344] INFO [org.hibernate.dialect.Dialect: 175] HHH000400: Using dialect: org.hibernate.dialect.PostgreSQL10Dialect
[2023-03-05 20:27:45,514] INFO [org.hibernate.engine.transaction.jta.platform.internal.JtaPlatformInitiator: 52] HHH000490: Using JtaPlatform implementation: [org.hibernate.engine.transaction.jta.platform.internal.NoJtaPlatform]
[2023-03-05 20:27:45,591] INFO [org.hibernate.orm.connections.pooling: 502] HHH10001008: Cleaning up connection pool [jdbc:postgresql://localhost:5434/postgres]
[2023-03-07 12:54:47,593] INFO [org.hibernate.Version: 44] HHH000412: Hibernate ORM core version 5.5.6.Final
[2023-03-07 12:54:47,947] INFO [org.hibernate.annotations.common.Version: 56] HCANN000001: Hibernate Commons Annotations {5.1.2.Final}
[2023-03-07 12:54:48,030] WARN [org.hibernate.orm.connections.pooling: 72] HHH10001002: Using Hibernate built-in connection pool (not for production use!)
[2023-03-07 12:54:48,036] INFO [org.hibernate.orm.connections.pooling: 115] HHH10001005: using driver [org.postgresql.Driver] at URL [jdbc:postgresql://localhost:5434/postgres]
[2023-03-07 12:54:48,039] INFO [org.hibernate.orm.connections.pooling: 124] HHH10001001: Connection properties: {password=****, user=postgres}
[2023-03-07 12:54:48,040] INFO [org.hibernate.orm.connections.pooling: 129] HHH10001003: Autocommit mode: false
[2023-03-07 12:54:48,042] INFO [org.hibernate.engine.jdbc.connections.internal.DriverManagerConnectionProviderImpl: 274] HHH000115: Hibernate connection pool size: 20 (min=1)
[2023-03-07 12:54:48,295] INFO [org.hibernate.dialect.Dialect: 175] HHH000400: Using dialect: org.hibernate.dialect.PostgreSQL10Dialect
[2023-03-07 12:54:48,730] INFO [org.hibernate.engine.transaction.jta.platform.internal.JtaPlatformInitiator: 52] HHH000490: Using JtaPlatform implementation: [org.hibernate.engine.transaction.jta.platform.internal.NoJtaPlatform]
[2023-03-07 12:54:48,856] WARN [org.hibernate.engine.jdbc.spi.SqlExceptionHelper: 137] SQL Error: 0, SQLState: 42601
[2023-03-07 12:54:48,858] ERROR [org.hibernate.engine.jdbc.spi.SqlExceptionHelper: 142] ERROR: syntax error at or near "User"
  Position: 13
[2023-03-07 12:54:48,867] INFO [org.hibernate.orm.connections.pooling: 502] HHH10001008: Cleaning up connection pool [jdbc:postgresql://localhost:5434/postgres]
[2023-03-07 12:56:51,924] INFO [org.hibernate.Version: 44] HHH000412: Hibernate ORM core version 5.5.6.Final
[2023-03-07 12:56:52,742] INFO [org.hibernate.annotations.common.Version: 56] HCANN000001: Hibernate Commons Annotations {5.1.2.Final}
[2023-03-07 12:56:52,958] WARN [org.hibernate.orm.connections.pooling: 72] HHH10001002: Using Hibernate built-in connection pool (not for production use!)
[2023-03-07 12:56:52,966] INFO [org.hibernate.orm.connections.pooling: 115] HHH10001005: using driver [org.postgresql.Driver] at URL [jdbc:postgresql://localhost:5434/postgres]
[2023-03-07 12:56:52,967] INFO [org.hibernate.orm.connections.pooling: 124] HHH10001001: Connection properties: {password=****, user=postgres}
[2023-03-07 12:56:52,967] INFO [org.hibernate.orm.connections.pooling: 129] HHH10001003: Autocommit mode: false
[2023-03-07 12:56:52,973] INFO [org.hibernate.engine.jdbc.connections.internal.DriverManagerConnectionProviderImpl: 274] HHH000115: Hibernate connection pool size: 20 (min=1)
[2023-03-07 12:56:53,426] INFO [org.hibernate.dialect.Dialect: 175] HHH000400: Using dialect: org.hibernate.dialect.PostgreSQL10Dialect
[2023-03-07 12:56:54,268] INFO [org.hibernate.engine.transaction.jta.platform.internal.JtaPlatformInitiator: 52] HHH000490: Using JtaPlatform implementation: [org.hibernate.engine.transaction.jta.platform.internal.NoJtaPlatform]
[2023-03-07 12:56:54,424] INFO [org.hibernate.orm.connections.pooling: 502] HHH10001008: Cleaning up connection pool [jdbc:postgresql://localhost:5434/postgres]
[2023-03-07 12:57:37,267] INFO [org.hibernate.Version: 44] HHH000412: Hibernate ORM core version 5.5.6.Final
[2023-03-07 12:57:38,054] INFO [org.hibernate.annotations.common.Version: 56] HCANN000001: Hibernate Commons Annotations {5.1.2.Final}
[2023-03-07 12:57:38,231] WARN [org.hibernate.orm.connections.pooling: 72] HHH10001002: Using Hibernate built-in connection pool (not for production use!)
[2023-03-07 12:57:38,241] INFO [org.hibernate.orm.connections.pooling: 115] HHH10001005: using driver [org.postgresql.Driver] at URL [jdbc:postgresql://localhost:5434/postgres]
[2023-03-07 12:57:38,243] INFO [org.hibernate.orm.connections.pooling: 124] HHH10001001: Connection properties: {password=****, user=postgres}
[2023-03-07 12:57:38,243] INFO [org.hibernate.orm.connections.pooling: 129] HHH10001003: Autocommit mode: false
[2023-03-07 12:57:38,254] INFO [org.hibernate.engine.jdbc.connections.internal.DriverManagerConnectionProviderImpl: 274] HHH000115: Hibernate connection pool size: 20 (min=1)
[2023-03-07 12:57:38,621] INFO [org.hibernate.dialect.Dialect: 175] HHH000400: Using dialect: org.hibernate.dialect.PostgreSQL10Dialect
[2023-03-07 12:57:39,327] INFO [org.hibernate.engine.transaction.jta.platform.internal.JtaPlatformInitiator: 52] HHH000490: Using JtaPlatform implementation: [org.hibernate.engine.transaction.jta.platform.internal.NoJtaPlatform]
[2023-03-07 12:57:39,455] INFO [org.hibernate.orm.connections.pooling: 502] HHH10001008: Cleaning up connection pool [jdbc:postgresql://localhost:5434/postgres]
[2023-03-07 13:03:10,238] INFO [org.hibernate.Version: 44] HHH000412: Hibernate ORM core version 5.5.6.Final
[2023-03-07 13:03:11,708] INFO [org.hibernate.annotations.common.Version: 56] HCANN000001: Hibernate Commons Annotations {5.1.2.Final}
[2023-03-07 13:03:11,960] WARN [org.hibernate.orm.connections.pooling: 72] HHH10001002: Using Hibernate built-in connection pool (not for production use!)
[2023-03-07 13:03:11,968] INFO [org.hibernate.orm.connections.pooling: 115] HHH10001005: using driver [org.postgresql.Driver] at URL [jdbc:postgresql://localhost:5434/postgres]
[2023-03-07 13:03:11,971] INFO [org.hibernate.orm.connections.pooling: 124] HHH10001001: Connection properties: {password=****, user=postgres}
[2023-03-07 13:03:11,974] INFO [org.hibernate.orm.connections.pooling: 129] HHH10001003: Autocommit mode: false
[2023-03-07 13:03:11,980] INFO [org.hibernate.engine.jdbc.connections.internal.DriverManagerConnectionProviderImpl: 274] HHH000115: Hibernate connection pool size: 20 (min=1)
[2023-03-07 13:03:12,849] INFO [org.hibernate.dialect.Dialect: 175] HHH000400: Using dialect: org.hibernate.dialect.PostgreSQL10Dialect
[2023-03-07 13:03:13,621] INFO [org.hibernate.engine.transaction.jta.platform.internal.JtaPlatformInitiator: 52] HHH000490: Using JtaPlatform implementation: [org.hibernate.engine.transaction.jta.platform.internal.NoJtaPlatform]
[2023-03-07 13:03:13,741] INFO [org.hibernate.orm.connections.pooling: 502] HHH10001008: Cleaning up connection pool [jdbc:postgresql://localhost:5434/postgres]
[2023-03-07 13:08:08,154] INFO [org.hibernate.Version: 44] HHH000412: Hibernate ORM core version 5.5.6.Final
[2023-03-07 13:08:08,814] INFO [org.hibernate.annotations.common.Version: 56] HCANN000001: Hibernate Commons Annotations {5.1.2.Final}
[2023-03-07 13:08:08,916] WARN [org.hibernate.orm.connections.pooling: 72] HHH10001002: Using Hibernate built-in connection pool (not for production use!)
[2023-03-07 13:08:08,921] INFO [org.hibernate.orm.connections.pooling: 115] HHH10001005: using driver [org.postgresql.Driver] at URL [jdbc:postgresql://localhost:5434/postgres]
[2023-03-07 13:08:08,922] INFO [org.hibernate.orm.connections.pooling: 124] HHH10001001: Connection properties: {password=****, user=postgres}
[2023-03-07 13:08:08,922] INFO [org.hibernate.orm.connections.pooling: 129] HHH10001003: Autocommit mode: false
[2023-03-07 13:08:08,925] INFO [org.hibernate.engine.jdbc.connections.internal.DriverManagerConnectionProviderImpl: 274] HHH000115: Hibernate connection pool size: 20 (min=1)
[2023-03-07 13:08:09,198] INFO [org.hibernate.dialect.Dialect: 175] HHH000400: Using dialect: org.hibernate.dialect.PostgreSQL10Dialect
[2023-03-07 13:08:09,625] INFO [org.hibernate.engine.transaction.jta.platform.internal.JtaPlatformInitiator: 52] HHH000490: Using JtaPlatform implementation: [org.hibernate.engine.transaction.jta.platform.internal.NoJtaPlatform]
[2023-03-07 13:08:09,680] INFO [org.hibernate.orm.connections.pooling: 502] HHH10001008: Cleaning up connection pool [jdbc:postgresql://localhost:5434/postgres]
[2023-03-07 13:08:42,518] INFO [org.hibernate.Version: 44] HHH000412: Hibernate ORM core version 5.5.6.Final
[2023-03-07 13:08:43,499] INFO [org.hibernate.annotations.common.Version: 56] HCANN000001: Hibernate Commons Annotations {5.1.2.Final}
[2023-03-07 13:08:43,740] WARN [org.hibernate.orm.connections.pooling: 72] HHH10001002: Using Hibernate built-in connection pool (not for production use!)
[2023-03-07 13:08:43,751] INFO [org.hibernate.orm.connections.pooling: 115] HHH10001005: using driver [org.postgresql.Driver] at URL [jdbc:postgresql://localhost:5434/postgres]
[2023-03-07 13:08:43,754] INFO [org.hibernate.orm.connections.pooling: 124] HHH10001001: Connection properties: {password=****, user=postgres}
[2023-03-07 13:08:43,756] INFO [org.hibernate.orm.connections.pooling: 129] HHH10001003: Autocommit mode: false
[2023-03-07 13:08:43,790] INFO [org.hibernate.engine.jdbc.connections.internal.DriverManagerConnectionProviderImpl: 274] HHH000115: Hibernate connection pool size: 20 (min=1)
[2023-03-07 13:08:44,156] INFO [org.hibernate.dialect.Dialect: 175] HHH000400: Using dialect: org.hibernate.dialect.PostgreSQL10Dialect
[2023-03-07 13:08:44,879] INFO [org.hibernate.engine.transaction.jta.platform.internal.JtaPlatformInitiator: 52] HHH000490: Using JtaPlatform implementation: [org.hibernate.engine.transaction.jta.platform.internal.NoJtaPlatform]
[2023-03-07 13:08:44,964] WARN [org.hibernate.engine.jdbc.spi.SqlExceptionHelper: 137] SQL Error: 0, SQLState: 42703
[2023-03-07 13:08:44,966] ERROR [org.hibernate.engine.jdbc.spi.SqlExceptionHelper: 142] ERROR: column "priceperday" of relation "cars" does not exist
  Position: 47
[2023-03-07 13:08:44,973] INFO [org.hibernate.orm.connections.pooling: 502] HHH10001008: Cleaning up connection pool [jdbc:postgresql://localhost:5434/postgres]
[2023-03-07 13:09:41,718] INFO [org.hibernate.Version: 44] HHH000412: Hibernate ORM core version 5.5.6.Final
[2023-03-07 13:09:43,083] INFO [org.hibernate.annotations.common.Version: 56] HCANN000001: Hibernate Commons Annotations {5.1.2.Final}
[2023-03-07 13:09:43,577] WARN [org.hibernate.orm.connections.pooling: 72] HHH10001002: Using Hibernate built-in connection pool (not for production use!)
[2023-03-07 13:09:43,592] INFO [org.hibernate.orm.connections.pooling: 115] HHH10001005: using driver [org.postgresql.Driver] at URL [jdbc:postgresql://localhost:5434/postgres]
[2023-03-07 13:09:43,596] INFO [org.hibernate.orm.connections.pooling: 124] HHH10001001: Connection properties: {password=****, user=postgres}
[2023-03-07 13:09:43,607] INFO [org.hibernate.orm.connections.pooling: 129] HHH10001003: Autocommit mode: false
[2023-03-07 13:09:43,627] INFO [org.hibernate.engine.jdbc.connections.internal.DriverManagerConnectionProviderImpl: 274] HHH000115: Hibernate connection pool size: 20 (min=1)
[2023-03-07 13:09:44,391] INFO [org.hibernate.dialect.Dialect: 175] HHH000400: Using dialect: org.hibernate.dialect.PostgreSQL10Dialect
[2023-03-07 13:09:45,768] INFO [org.hibernate.engine.transaction.jta.platform.internal.JtaPlatformInitiator: 52] HHH000490: Using JtaPlatform implementation: [org.hibernate.engine.transaction.jta.platform.internal.NoJtaPlatform]
[2023-03-07 13:09:45,865] WARN [org.hibernate.engine.jdbc.spi.SqlExceptionHelper: 137] SQL Error: 0, SQLState: 42703
[2023-03-07 13:09:45,865] ERROR [org.hibernate.engine.jdbc.spi.SqlExceptionHelper: 142] ERROR: column "seatamount" of relation "cars" does not exist
  Position: 62
[2023-03-07 13:09:45,873] INFO [org.hibernate.orm.connections.pooling: 502] HHH10001008: Cleaning up connection pool [jdbc:postgresql://localhost:5434/postgres]
[2023-03-07 13:11:01,525] INFO [org.hibernate.Version: 44] HHH000412: Hibernate ORM core version 5.5.6.Final
[2023-03-07 13:11:02,850] INFO [org.hibernate.annotations.common.Version: 56] HCANN000001: Hibernate Commons Annotations {5.1.2.Final}
[2023-03-07 13:11:03,018] WARN [org.hibernate.orm.connections.pooling: 72] HHH10001002: Using Hibernate built-in connection pool (not for production use!)
[2023-03-07 13:11:03,025] INFO [org.hibernate.orm.connections.pooling: 115] HHH10001005: using driver [org.postgresql.Driver] at URL [jdbc:postgresql://localhost:5434/postgres]
[2023-03-07 13:11:03,026] INFO [org.hibernate.orm.connections.pooling: 124] HHH10001001: Connection properties: {password=****, user=postgres}
[2023-03-07 13:11:03,027] INFO [org.hibernate.orm.connections.pooling: 129] HHH10001003: Autocommit mode: false
[2023-03-07 13:11:03,037] INFO [org.hibernate.engine.jdbc.connections.internal.DriverManagerConnectionProviderImpl: 274] HHH000115: Hibernate connection pool size: 20 (min=1)
[2023-03-07 13:11:03,396] INFO [org.hibernate.dialect.Dialect: 175] HHH000400: Using dialect: org.hibernate.dialect.PostgreSQL10Dialect
[2023-03-07 13:11:04,170] INFO [org.hibernate.engine.transaction.jta.platform.internal.JtaPlatformInitiator: 52] HHH000490: Using JtaPlatform implementation: [org.hibernate.engine.transaction.jta.platform.internal.NoJtaPlatform]
[2023-03-07 13:11:04,284] INFO [org.hibernate.orm.connections.pooling: 502] HHH10001008: Cleaning up connection pool [jdbc:postgresql://localhost:5434/postgres]
[2023-03-07 13:29:48,321] INFO [org.hibernate.Version: 44] HHH000412: Hibernate ORM core version 5.5.6.Final
[2023-03-07 13:29:48,789] INFO [org.hibernate.annotations.common.Version: 56] HCANN000001: Hibernate Commons Annotations {5.1.2.Final}
[2023-03-07 13:29:48,886] WARN [org.hibernate.orm.connections.pooling: 72] HHH10001002: Using Hibernate built-in connection pool (not for production use!)
[2023-03-07 13:29:48,890] INFO [org.hibernate.orm.connections.pooling: 115] HHH10001005: using driver [org.postgresql.Driver] at URL [jdbc:postgresql://localhost:5434/postgres]
[2023-03-07 13:29:48,891] INFO [org.hibernate.orm.connections.pooling: 124] HHH10001001: Connection properties: {password=****, user=postgres}
[2023-03-07 13:29:48,892] INFO [org.hibernate.orm.connections.pooling: 129] HHH10001003: Autocommit mode: false
[2023-03-07 13:29:48,895] INFO [org.hibernate.engine.jdbc.connections.internal.DriverManagerConnectionProviderImpl: 274] HHH000115: Hibernate connection pool size: 20 (min=1)
[2023-03-07 13:29:49,130] INFO [org.hibernate.dialect.Dialect: 175] HHH000400: Using dialect: org.hibernate.dialect.PostgreSQL10Dialect
[2023-03-07 13:29:49,747] INFO [org.hibernate.engine.transaction.jta.platform.internal.JtaPlatformInitiator: 52] HHH000490: Using JtaPlatform implementation: [org.hibernate.engine.transaction.jta.platform.internal.NoJtaPlatform]
[2023-03-07 13:29:49,871] INFO [org.hibernate.orm.connections.pooling: 502] HHH10001008: Cleaning up connection pool [jdbc:postgresql://localhost:5434/postgres]
[2023-03-07 13:30:34,334] INFO [org.hibernate.Version: 44] HHH000412: Hibernate ORM core version 5.5.6.Final
[2023-03-07 13:30:35,350] INFO [org.hibernate.annotations.common.Version: 56] HCANN000001: Hibernate Commons Annotations {5.1.2.Final}
[2023-03-07 13:30:35,500] WARN [org.hibernate.orm.connections.pooling: 72] HHH10001002: Using Hibernate built-in connection pool (not for production use!)
[2023-03-07 13:30:35,507] INFO [org.hibernate.orm.connections.pooling: 115] HHH10001005: using driver [org.postgresql.Driver] at URL [jdbc:postgresql://localhost:5434/postgres]
[2023-03-07 13:30:35,508] INFO [org.hibernate.orm.connections.pooling: 124] HHH10001001: Connection properties: {password=****, user=postgres}
[2023-03-07 13:30:35,509] INFO [org.hibernate.orm.connections.pooling: 129] HHH10001003: Autocommit mode: false
[2023-03-07 13:30:35,513] INFO [org.hibernate.engine.jdbc.connections.internal.DriverManagerConnectionProviderImpl: 274] HHH000115: Hibernate connection pool size: 20 (min=1)
[2023-03-07 13:30:36,060] INFO [org.hibernate.dialect.Dialect: 175] HHH000400: Using dialect: org.hibernate.dialect.PostgreSQL10Dialect
[2023-03-07 13:30:37,325] INFO [org.hibernate.engine.transaction.jta.platform.internal.JtaPlatformInitiator: 52] HHH000490: Using JtaPlatform implementation: [org.hibernate.engine.transaction.jta.platform.internal.NoJtaPlatform]
[2023-03-07 13:30:37,500] INFO [org.hibernate.orm.connections.pooling: 502] HHH10001008: Cleaning up connection pool [jdbc:postgresql://localhost:5434/postgres]
[2023-03-07 13:31:11,472] INFO [org.hibernate.Version: 44] HHH000412: Hibernate ORM core version 5.5.6.Final
[2023-03-07 13:31:12,249] INFO [org.hibernate.annotations.common.Version: 56] HCANN000001: Hibernate Commons Annotations {5.1.2.Final}
[2023-03-07 13:31:12,419] WARN [org.hibernate.orm.connections.pooling: 72] HHH10001002: Using Hibernate built-in connection pool (not for production use!)
[2023-03-07 13:31:12,428] INFO [org.hibernate.orm.connections.pooling: 115] HHH10001005: using driver [org.postgresql.Driver] at URL [jdbc:postgresql://localhost:5434/postgres]
[2023-03-07 13:31:12,430] INFO [org.hibernate.orm.connections.pooling: 124] HHH10001001: Connection properties: {password=****, user=postgres}
[2023-03-07 13:31:12,431] INFO [org.hibernate.orm.connections.pooling: 129] HHH10001003: Autocommit mode: false
[2023-03-07 13:31:12,435] INFO [org.hibernate.engine.jdbc.connections.internal.DriverManagerConnectionProviderImpl: 274] HHH000115: Hibernate connection pool size: 20 (min=1)
[2023-03-07 13:31:12,876] INFO [org.hibernate.dialect.Dialect: 175] HHH000400: Using dialect: org.hibernate.dialect.PostgreSQL10Dialect
[2023-03-07 13:31:13,711] INFO [org.hibernate.engine.transaction.jta.platform.internal.JtaPlatformInitiator: 52] HHH000490: Using JtaPlatform implementation: [org.hibernate.engine.transaction.jta.platform.internal.NoJtaPlatform]
[2023-03-07 13:31:13,858] INFO [org.hibernate.orm.connections.pooling: 502] HHH10001008: Cleaning up connection pool [jdbc:postgresql://localhost:5434/postgres]
[2023-03-07 13:52:08,640] INFO [org.hibernate.Version: 44] HHH000412: Hibernate ORM core version 5.5.6.Final
[2023-03-07 13:52:09,513] INFO [org.hibernate.annotations.common.Version: 56] HCANN000001: Hibernate Commons Annotations {5.1.2.Final}
[2023-03-07 13:52:09,666] WARN [org.hibernate.orm.connections.pooling: 72] HHH10001002: Using Hibernate built-in connection pool (not for production use!)
[2023-03-07 13:52:09,675] INFO [org.hibernate.orm.connections.pooling: 115] HHH10001005: using driver [org.postgresql.Driver] at URL [jdbc:postgresql://localhost:5434/postgres]
[2023-03-07 13:52:09,677] INFO [org.hibernate.orm.connections.pooling: 124] HHH10001001: Connection properties: {password=****, user=postgres}
[2023-03-07 13:52:09,679] INFO [org.hibernate.orm.connections.pooling: 129] HHH10001003: Autocommit mode: false
[2023-03-07 13:52:09,683] INFO [org.hibernate.engine.jdbc.connections.internal.DriverManagerConnectionProviderImpl: 274] HHH000115: Hibernate connection pool size: 20 (min=1)
[2023-03-07 13:52:10,089] INFO [org.hibernate.dialect.Dialect: 175] HHH000400: Using dialect: org.hibernate.dialect.PostgreSQL10Dialect
[2023-03-07 13:52:10,914] INFO [org.hibernate.engine.transaction.jta.platform.internal.JtaPlatformInitiator: 52] HHH000490: Using JtaPlatform implementation: [org.hibernate.engine.transaction.jta.platform.internal.NoJtaPlatform]
[2023-03-07 13:52:10,980] INFO [org.hibernate.orm.connections.pooling: 502] HHH10001008: Cleaning up connection pool [jdbc:postgresql://localhost:5434/postgres]
[2023-03-07 13:53:24,933] INFO [org.hibernate.Version: 44] HHH000412: Hibernate ORM core version 5.5.6.Final
[2023-03-07 13:53:25,694] INFO [org.hibernate.annotations.common.Version: 56] HCANN000001: Hibernate Commons Annotations {5.1.2.Final}
[2023-03-07 13:53:25,842] WARN [org.hibernate.orm.connections.pooling: 72] HHH10001002: Using Hibernate built-in connection pool (not for production use!)
[2023-03-07 13:53:25,850] INFO [org.hibernate.orm.connections.pooling: 115] HHH10001005: using driver [org.postgresql.Driver] at URL [jdbc:postgresql://localhost:5434/postgres]
[2023-03-07 13:53:25,852] INFO [org.hibernate.orm.connections.pooling: 124] HHH10001001: Connection properties: {password=****, user=postgres}
[2023-03-07 13:53:25,853] INFO [org.hibernate.orm.connections.pooling: 129] HHH10001003: Autocommit mode: false
[2023-03-07 13:53:25,856] INFO [org.hibernate.engine.jdbc.connections.internal.DriverManagerConnectionProviderImpl: 274] HHH000115: Hibernate connection pool size: 20 (min=1)
[2023-03-07 13:53:26,209] INFO [org.hibernate.dialect.Dialect: 175] HHH000400: Using dialect: org.hibernate.dialect.PostgreSQL10Dialect
[2023-03-07 13:53:26,766] INFO [org.hibernate.engine.transaction.jta.platform.internal.JtaPlatformInitiator: 52] HHH000490: Using JtaPlatform implementation: [org.hibernate.engine.transaction.jta.platform.internal.NoJtaPlatform]
[2023-03-07 13:53:26,888] INFO [org.hibernate.orm.connections.pooling: 502] HHH10001008: Cleaning up connection pool [jdbc:postgresql://localhost:5434/postgres]
[2023-03-07 13:54:14,574] INFO [org.hibernate.Version: 44] HHH000412: Hibernate ORM core version 5.5.6.Final
[2023-03-07 13:54:15,369] INFO [org.hibernate.annotations.common.Version: 56] HCANN000001: Hibernate Commons Annotations {5.1.2.Final}
[2023-03-07 13:54:15,508] WARN [org.hibernate.orm.connections.pooling: 72] HHH10001002: Using Hibernate built-in connection pool (not for production use!)
[2023-03-07 13:54:15,516] INFO [org.hibernate.orm.connections.pooling: 115] HHH10001005: using driver [org.postgresql.Driver] at URL [jdbc:postgresql://localhost:5434/postgres]
[2023-03-07 13:54:15,518] INFO [org.hibernate.orm.connections.pooling: 124] HHH10001001: Connection properties: {password=****, user=postgres}
[2023-03-07 13:54:15,519] INFO [org.hibernate.orm.connections.pooling: 129] HHH10001003: Autocommit mode: false
[2023-03-07 13:54:15,525] INFO [org.hibernate.engine.jdbc.connections.internal.DriverManagerConnectionProviderImpl: 274] HHH000115: Hibernate connection pool size: 20 (min=1)
[2023-03-07 13:54:15,840] INFO [org.hibernate.dialect.Dialect: 175] HHH000400: Using dialect: org.hibernate.dialect.PostgreSQL10Dialect
[2023-03-07 13:54:16,466] INFO [org.hibernate.engine.transaction.jta.platform.internal.JtaPlatformInitiator: 52] HHH000490: Using JtaPlatform implementation: [org.hibernate.engine.transaction.jta.platform.internal.NoJtaPlatform]
[2023-03-07 13:54:16,531] INFO [org.hibernate.orm.connections.pooling: 502] HHH10001008: Cleaning up connection pool [jdbc:postgresql://localhost:5434/postgres]
[2023-03-07 13:54:49,730] INFO [org.hibernate.Version: 44] HHH000412: Hibernate ORM core version 5.5.6.Final
[2023-03-07 13:54:50,443] INFO [org.hibernate.annotations.common.Version: 56] HCANN000001: Hibernate Commons Annotations {5.1.2.Final}
[2023-03-07 13:54:50,607] WARN [org.hibernate.orm.connections.pooling: 72] HHH10001002: Using Hibernate built-in connection pool (not for production use!)
[2023-03-07 13:54:50,612] INFO [org.hibernate.orm.connections.pooling: 115] HHH10001005: using driver [org.postgresql.Driver] at URL [jdbc:postgresql://localhost:5434/postgres]
[2023-03-07 13:54:50,613] INFO [org.hibernate.orm.connections.pooling: 124] HHH10001001: Connection properties: {password=****, user=postgres}
[2023-03-07 13:54:50,614] INFO [org.hibernate.orm.connections.pooling: 129] HHH10001003: Autocommit mode: false
[2023-03-07 13:54:50,632] INFO [org.hibernate.engine.jdbc.connections.internal.DriverManagerConnectionProviderImpl: 274] HHH000115: Hibernate connection pool size: 20 (min=1)
[2023-03-07 13:54:50,930] INFO [org.hibernate.dialect.Dialect: 175] HHH000400: Using dialect: org.hibernate.dialect.PostgreSQL10Dialect
[2023-03-07 13:54:51,541] INFO [org.hibernate.engine.transaction.jta.platform.internal.JtaPlatformInitiator: 52] HHH000490: Using JtaPlatform implementation: [org.hibernate.engine.transaction.jta.platform.internal.NoJtaPlatform]
[2023-03-07 13:54:51,703] INFO [org.hibernate.orm.connections.pooling: 502] HHH10001008: Cleaning up connection pool [jdbc:postgresql://localhost:5434/postgres]
[2023-03-07 14:07:44,290] INFO [org.hibernate.Version: 44] HHH000412: Hibernate ORM core version 5.5.6.Final
[2023-03-07 14:07:45,076] INFO [org.hibernate.annotations.common.Version: 56] HCANN000001: Hibernate Commons Annotations {5.1.2.Final}
[2023-03-07 14:07:45,239] WARN [org.hibernate.orm.connections.pooling: 72] HHH10001002: Using Hibernate built-in connection pool (not for production use!)
[2023-03-07 14:07:45,247] INFO [org.hibernate.orm.connections.pooling: 115] HHH10001005: using driver [org.postgresql.Driver] at URL [jdbc:postgresql://localhost:5434/postgres]
[2023-03-07 14:07:45,249] INFO [org.hibernate.orm.connections.pooling: 124] HHH10001001: Connection properties: {password=****, user=postgres}
[2023-03-07 14:07:45,250] INFO [org.hibernate.orm.connections.pooling: 129] HHH10001003: Autocommit mode: false
[2023-03-07 14:07:45,255] INFO [org.hibernate.engine.jdbc.connections.internal.DriverManagerConnectionProviderImpl: 274] HHH000115: Hibernate connection pool size: 20 (min=1)
[2023-03-07 14:07:45,698] INFO [org.hibernate.dialect.Dialect: 175] HHH000400: Using dialect: org.hibernate.dialect.PostgreSQL10Dialect
[2023-03-07 14:07:46,422] INFO [org.hibernate.engine.transaction.jta.platform.internal.JtaPlatformInitiator: 52] HHH000490: Using JtaPlatform implementation: [org.hibernate.engine.transaction.jta.platform.internal.NoJtaPlatform]
[2023-03-07 14:07:46,535] INFO [org.hibernate.orm.connections.pooling: 502] HHH10001008: Cleaning up connection pool [jdbc:postgresql://localhost:5434/postgres]
[2023-03-07 14:40:54,213] INFO [org.hibernate.Version: 44] HHH000412: Hibernate ORM core version 5.5.6.Final
[2023-03-07 14:40:55,548] INFO [org.hibernate.annotations.common.Version: 56] HCANN000001: Hibernate Commons Annotations {5.1.2.Final}
[2023-03-07 14:40:56,076] WARN [org.hibernate.orm.connections.pooling: 72] HHH10001002: Using Hibernate built-in connection pool (not for production use!)
[2023-03-07 14:40:56,099] INFO [org.hibernate.orm.connections.pooling: 115] HHH10001005: using driver [org.postgresql.Driver] at URL [jdbc:postgresql://localhost:5434/postgres]
[2023-03-07 14:40:56,102] INFO [org.hibernate.orm.connections.pooling: 124] HHH10001001: Connection properties: {password=****, user=postgres}
[2023-03-07 14:40:56,105] INFO [org.hibernate.orm.connections.pooling: 129] HHH10001003: Autocommit mode: false
[2023-03-07 14:40:56,112] INFO [org.hibernate.engine.jdbc.connections.internal.DriverManagerConnectionProviderImpl: 274] HHH000115: Hibernate connection pool size: 20 (min=1)
[2023-03-07 14:40:57,488] INFO [org.hibernate.dialect.Dialect: 175] HHH000400: Using dialect: org.hibernate.dialect.PostgreSQL10Dialect
[2023-03-07 14:40:59,642] INFO [org.hibernate.engine.transaction.jta.platform.internal.JtaPlatformInitiator: 52] HHH000490: Using JtaPlatform implementation: [org.hibernate.engine.transaction.jta.platform.internal.NoJtaPlatform]
[2023-03-07 14:41:00,050] WARN [org.hibernate.engine.jdbc.spi.SqlExceptionHelper: 137] SQL Error: 0, SQLState: 42703
[2023-03-07 14:41:00,054] ERROR [org.hibernate.engine.jdbc.spi.SqlExceptionHelper: 142] ERROR: column "birthdate" of relation "clients" does not exist
  Position: 29
[2023-03-07 14:41:00,066] INFO [org.hibernate.orm.connections.pooling: 502] HHH10001008: Cleaning up connection pool [jdbc:postgresql://localhost:5434/postgres]
[2023-03-07 14:45:26,101] INFO [org.hibernate.Version: 44] HHH000412: Hibernate ORM core version 5.5.6.Final
[2023-03-07 14:45:26,266] INFO [Hibernate Types: 283] This framework is proudly powered by:

>>>>>>>>>>>>>>>>>>>>>>>>>>>>>>>>>>>>>>>>>>>>>>>>>>>>>>>>>>>>>>>>
 _    _                           _     _
| |  | |                         (_)   | |
| |__| |_   _ _ __   ___ _ __ ___ _ ___| |_ ___ _ __   ___ ___
|  __  | | | | '_ \ / _ \ '__/ __| / __| __/ _ \ '_ \ / __/ _ \
| |  | | |_| | |_) |  __/ |  \__ \ \__ \ ||  __/ | | | (_|  __/
|_|  |_|\__, | .__/ \___|_|  |___/_|___/\__\___|_| |_|\___\___|
         __/ | |
        |___/|_|

At Hypersistence, we only build amazing tools, like Hibernate Types, Flexy Pool, or Hypersistence Optimizer.

What if there were a tool that could automatically detect JPA and Hibernate performance issues?

Hypersistence Optimizer is that tool! For more details, go to: 

https://vladmihalcea.com/hypersistence-optimizer/
<<<<<<<<<<<<<<<<<<<<<<<<<<<<<<<<<<<<<<<<<<<<<<<<<<<<<<<<<<<<<<<<

[2023-03-07 14:45:26,653] INFO [org.hibernate.annotations.common.Version: 56] HCANN000001: Hibernate Commons Annotations {5.1.2.Final}
[2023-03-07 14:45:26,734] WARN [org.hibernate.orm.connections.pooling: 72] HHH10001002: Using Hibernate built-in connection pool (not for production use!)
[2023-03-07 14:45:26,738] INFO [org.hibernate.orm.connections.pooling: 115] HHH10001005: using driver [org.postgresql.Driver] at URL [jdbc:postgresql://localhost:5434/postgres]
[2023-03-07 14:45:26,741] INFO [org.hibernate.orm.connections.pooling: 124] HHH10001001: Connection properties: {password=****, user=postgres}
[2023-03-07 14:45:26,745] INFO [org.hibernate.orm.connections.pooling: 129] HHH10001003: Autocommit mode: false
[2023-03-07 14:45:26,749] INFO [org.hibernate.engine.jdbc.connections.internal.DriverManagerConnectionProviderImpl: 274] HHH000115: Hibernate connection pool size: 20 (min=1)
[2023-03-07 14:45:27,030] INFO [org.hibernate.dialect.Dialect: 175] HHH000400: Using dialect: org.hibernate.dialect.PostgreSQL10Dialect
[2023-03-07 14:45:27,660] INFO [org.hibernate.engine.transaction.jta.platform.internal.JtaPlatformInitiator: 52] HHH000490: Using JtaPlatform implementation: [org.hibernate.engine.transaction.jta.platform.internal.NoJtaPlatform]
[2023-03-07 14:45:27,770] WARN [org.hibernate.engine.jdbc.spi.SqlExceptionHelper: 137] SQL Error: 0, SQLState: 42703
[2023-03-07 14:45:27,773] ERROR [org.hibernate.engine.jdbc.spi.SqlExceptionHelper: 142] ERROR: column "first_name" of relation "users" does not exist
  Position: 27
[2023-03-07 14:45:27,781] INFO [org.hibernate.orm.connections.pooling: 502] HHH10001008: Cleaning up connection pool [jdbc:postgresql://localhost:5434/postgres]
[2023-03-07 14:47:45,157] INFO [org.hibernate.Version: 44] HHH000412: Hibernate ORM core version 5.5.6.Final
[2023-03-07 14:47:45,389] INFO [Hibernate Types: 283] This framework is proudly powered by:

>>>>>>>>>>>>>>>>>>>>>>>>>>>>>>>>>>>>>>>>>>>>>>>>>>>>>>>>>>>>>>>>
 _    _                           _     _
| |  | |                         (_)   | |
| |__| |_   _ _ __   ___ _ __ ___ _ ___| |_ ___ _ __   ___ ___
|  __  | | | | '_ \ / _ \ '__/ __| / __| __/ _ \ '_ \ / __/ _ \
| |  | | |_| | |_) |  __/ |  \__ \ \__ \ ||  __/ | | | (_|  __/
|_|  |_|\__, | .__/ \___|_|  |___/_|___/\__\___|_| |_|\___\___|
         __/ | |
        |___/|_|

At Hypersistence, we only build amazing tools, like Hibernate Types, Flexy Pool, or Hypersistence Optimizer.

What if there were a tool that could automatically detect JPA and Hibernate performance issues?

Hypersistence Optimizer is that tool! For more details, go to: 

https://vladmihalcea.com/hypersistence-optimizer/
<<<<<<<<<<<<<<<<<<<<<<<<<<<<<<<<<<<<<<<<<<<<<<<<<<<<<<<<<<<<<<<<

[2023-03-07 14:47:45,774] INFO [org.hibernate.annotations.common.Version: 56] HCANN000001: Hibernate Commons Annotations {5.1.2.Final}
[2023-03-07 14:47:45,909] WARN [org.hibernate.orm.connections.pooling: 72] HHH10001002: Using Hibernate built-in connection pool (not for production use!)
[2023-03-07 14:47:45,918] INFO [org.hibernate.orm.connections.pooling: 115] HHH10001005: using driver [org.postgresql.Driver] at URL [jdbc:postgresql://localhost:5434/postgres]
[2023-03-07 14:47:45,922] INFO [org.hibernate.orm.connections.pooling: 124] HHH10001001: Connection properties: {password=****, user=postgres}
[2023-03-07 14:47:45,930] INFO [org.hibernate.orm.connections.pooling: 129] HHH10001003: Autocommit mode: false
[2023-03-07 14:47:45,942] INFO [org.hibernate.engine.jdbc.connections.internal.DriverManagerConnectionProviderImpl: 274] HHH000115: Hibernate connection pool size: 20 (min=1)
[2023-03-07 14:47:46,457] INFO [org.hibernate.dialect.Dialect: 175] HHH000400: Using dialect: org.hibernate.dialect.PostgreSQL10Dialect
[2023-03-07 14:47:47,322] INFO [org.hibernate.engine.transaction.jta.platform.internal.JtaPlatformInitiator: 52] HHH000490: Using JtaPlatform implementation: [org.hibernate.engine.transaction.jta.platform.internal.NoJtaPlatform]
[2023-03-07 14:47:47,442] INFO [org.hibernate.orm.connections.pooling: 502] HHH10001008: Cleaning up connection pool [jdbc:postgresql://localhost:5434/postgres]
[2023-03-07 14:50:03,073] INFO [org.hibernate.Version: 44] HHH000412: Hibernate ORM core version 5.5.6.Final
[2023-03-07 14:50:03,250] INFO [Hibernate Types: 283] This framework is proudly powered by:

>>>>>>>>>>>>>>>>>>>>>>>>>>>>>>>>>>>>>>>>>>>>>>>>>>>>>>>>>>>>>>>>
 _    _                           _     _
| |  | |                         (_)   | |
| |__| |_   _ _ __   ___ _ __ ___ _ ___| |_ ___ _ __   ___ ___
|  __  | | | | '_ \ / _ \ '__/ __| / __| __/ _ \ '_ \ / __/ _ \
| |  | | |_| | |_) |  __/ |  \__ \ \__ \ ||  __/ | | | (_|  __/
|_|  |_|\__, | .__/ \___|_|  |___/_|___/\__\___|_| |_|\___\___|
         __/ | |
        |___/|_|

At Hypersistence, we only build amazing tools, like Hibernate Types, Flexy Pool, or Hypersistence Optimizer.

What if there were a tool that could automatically detect JPA and Hibernate performance issues?

Hypersistence Optimizer is that tool! For more details, go to: 

https://vladmihalcea.com/hypersistence-optimizer/
<<<<<<<<<<<<<<<<<<<<<<<<<<<<<<<<<<<<<<<<<<<<<<<<<<<<<<<<<<<<<<<<

[2023-03-07 14:50:03,689] INFO [org.hibernate.annotations.common.Version: 56] HCANN000001: Hibernate Commons Annotations {5.1.2.Final}
[2023-03-07 14:50:03,810] WARN [org.hibernate.orm.connections.pooling: 72] HHH10001002: Using Hibernate built-in connection pool (not for production use!)
[2023-03-07 14:50:03,816] INFO [org.hibernate.orm.connections.pooling: 115] HHH10001005: using driver [org.postgresql.Driver] at URL [jdbc:postgresql://localhost:5434/postgres]
[2023-03-07 14:50:03,818] INFO [org.hibernate.orm.connections.pooling: 124] HHH10001001: Connection properties: {password=****, user=postgres}
[2023-03-07 14:50:03,822] INFO [org.hibernate.orm.connections.pooling: 129] HHH10001003: Autocommit mode: false
[2023-03-07 14:50:03,826] INFO [org.hibernate.engine.jdbc.connections.internal.DriverManagerConnectionProviderImpl: 274] HHH000115: Hibernate connection pool size: 20 (min=1)
[2023-03-07 14:50:04,196] INFO [org.hibernate.dialect.Dialect: 175] HHH000400: Using dialect: org.hibernate.dialect.PostgreSQL10Dialect
[2023-03-07 14:50:04,772] INFO [org.hibernate.engine.transaction.jta.platform.internal.JtaPlatformInitiator: 52] HHH000490: Using JtaPlatform implementation: [org.hibernate.engine.transaction.jta.platform.internal.NoJtaPlatform]
[2023-03-07 14:50:04,871] INFO [org.hibernate.orm.connections.pooling: 502] HHH10001008: Cleaning up connection pool [jdbc:postgresql://localhost:5434/postgres]
[2023-03-07 14:50:39,590] INFO [org.hibernate.Version: 44] HHH000412: Hibernate ORM core version 5.5.6.Final
[2023-03-07 14:50:39,762] INFO [Hibernate Types: 283] This framework is proudly powered by:

>>>>>>>>>>>>>>>>>>>>>>>>>>>>>>>>>>>>>>>>>>>>>>>>>>>>>>>>>>>>>>>>
 _    _                           _     _
| |  | |                         (_)   | |
| |__| |_   _ _ __   ___ _ __ ___ _ ___| |_ ___ _ __   ___ ___
|  __  | | | | '_ \ / _ \ '__/ __| / __| __/ _ \ '_ \ / __/ _ \
| |  | | |_| | |_) |  __/ |  \__ \ \__ \ ||  __/ | | | (_|  __/
|_|  |_|\__, | .__/ \___|_|  |___/_|___/\__\___|_| |_|\___\___|
         __/ | |
        |___/|_|

At Hypersistence, we only build amazing tools, like Hibernate Types, Flexy Pool, or Hypersistence Optimizer.

What if there were a tool that could automatically detect JPA and Hibernate performance issues?

Hypersistence Optimizer is that tool! For more details, go to: 

https://vladmihalcea.com/hypersistence-optimizer/
<<<<<<<<<<<<<<<<<<<<<<<<<<<<<<<<<<<<<<<<<<<<<<<<<<<<<<<<<<<<<<<<

[2023-03-07 14:50:40,313] INFO [org.hibernate.annotations.common.Version: 56] HCANN000001: Hibernate Commons Annotations {5.1.2.Final}
[2023-03-07 14:50:40,399] WARN [org.hibernate.orm.connections.pooling: 72] HHH10001002: Using Hibernate built-in connection pool (not for production use!)
[2023-03-07 14:50:40,407] INFO [org.hibernate.orm.connections.pooling: 115] HHH10001005: using driver [org.postgresql.Driver] at URL [jdbc:postgresql://localhost:5434/postgres]
[2023-03-07 14:50:40,408] INFO [org.hibernate.orm.connections.pooling: 124] HHH10001001: Connection properties: {password=****, user=postgres}
[2023-03-07 14:50:40,410] INFO [org.hibernate.orm.connections.pooling: 129] HHH10001003: Autocommit mode: false
[2023-03-07 14:50:40,413] INFO [org.hibernate.engine.jdbc.connections.internal.DriverManagerConnectionProviderImpl: 274] HHH000115: Hibernate connection pool size: 20 (min=1)
[2023-03-07 14:50:40,619] INFO [org.hibernate.dialect.Dialect: 175] HHH000400: Using dialect: org.hibernate.dialect.PostgreSQL10Dialect
[2023-03-07 14:50:41,487] INFO [org.hibernate.engine.transaction.jta.platform.internal.JtaPlatformInitiator: 52] HHH000490: Using JtaPlatform implementation: [org.hibernate.engine.transaction.jta.platform.internal.NoJtaPlatform]
[2023-03-07 14:50:41,615] INFO [org.hibernate.orm.connections.pooling: 502] HHH10001008: Cleaning up connection pool [jdbc:postgresql://localhost:5434/postgres]
[2023-03-07 15:09:06,216] INFO [org.hibernate.Version: 44] HHH000412: Hibernate ORM core version 5.5.6.Final
[2023-03-07 15:09:06,455] INFO [Hibernate Types: 283] This framework is proudly powered by:

>>>>>>>>>>>>>>>>>>>>>>>>>>>>>>>>>>>>>>>>>>>>>>>>>>>>>>>>>>>>>>>>
 _    _                           _     _
| |  | |                         (_)   | |
| |__| |_   _ _ __   ___ _ __ ___ _ ___| |_ ___ _ __   ___ ___
|  __  | | | | '_ \ / _ \ '__/ __| / __| __/ _ \ '_ \ / __/ _ \
| |  | | |_| | |_) |  __/ |  \__ \ \__ \ ||  __/ | | | (_|  __/
|_|  |_|\__, | .__/ \___|_|  |___/_|___/\__\___|_| |_|\___\___|
         __/ | |
        |___/|_|

At Hypersistence, we only build amazing tools, like Hibernate Types, Flexy Pool, or Hypersistence Optimizer.

What if there were a tool that could automatically detect JPA and Hibernate performance issues?

Hypersistence Optimizer is that tool! For more details, go to: 

https://vladmihalcea.com/hypersistence-optimizer/
<<<<<<<<<<<<<<<<<<<<<<<<<<<<<<<<<<<<<<<<<<<<<<<<<<<<<<<<<<<<<<<<

[2023-03-07 15:09:07,026] INFO [org.hibernate.annotations.common.Version: 56] HCANN000001: Hibernate Commons Annotations {5.1.2.Final}
[2023-03-07 15:09:07,229] WARN [org.hibernate.orm.connections.pooling: 72] HHH10001002: Using Hibernate built-in connection pool (not for production use!)
[2023-03-07 15:09:07,242] INFO [org.hibernate.orm.connections.pooling: 115] HHH10001005: using driver [org.postgresql.Driver] at URL [jdbc:postgresql://localhost:5434/postgres]
[2023-03-07 15:09:07,251] INFO [org.hibernate.orm.connections.pooling: 124] HHH10001001: Connection properties: {password=****, user=postgres}
[2023-03-07 15:09:07,267] INFO [org.hibernate.orm.connections.pooling: 129] HHH10001003: Autocommit mode: false
[2023-03-07 15:09:07,287] INFO [org.hibernate.engine.jdbc.connections.internal.DriverManagerConnectionProviderImpl: 274] HHH000115: Hibernate connection pool size: 20 (min=1)
[2023-03-07 15:09:07,719] INFO [org.hibernate.dialect.Dialect: 175] HHH000400: Using dialect: org.hibernate.dialect.PostgreSQL10Dialect
[2023-03-07 15:16:24,226] INFO [org.hibernate.Version: 44] HHH000412: Hibernate ORM core version 5.5.6.Final
[2023-03-07 15:16:24,382] INFO [Hibernate Types: 283] This framework is proudly powered by:

>>>>>>>>>>>>>>>>>>>>>>>>>>>>>>>>>>>>>>>>>>>>>>>>>>>>>>>>>>>>>>>>
 _    _                           _     _
| |  | |                         (_)   | |
| |__| |_   _ _ __   ___ _ __ ___ _ ___| |_ ___ _ __   ___ ___
|  __  | | | | '_ \ / _ \ '__/ __| / __| __/ _ \ '_ \ / __/ _ \
| |  | | |_| | |_) |  __/ |  \__ \ \__ \ ||  __/ | | | (_|  __/
|_|  |_|\__, | .__/ \___|_|  |___/_|___/\__\___|_| |_|\___\___|
         __/ | |
        |___/|_|

At Hypersistence, we only build amazing tools, like Hibernate Types, Flexy Pool, or Hypersistence Optimizer.

What if there were a tool that could automatically detect JPA and Hibernate performance issues?

Hypersistence Optimizer is that tool! For more details, go to: 

https://vladmihalcea.com/hypersistence-optimizer/
<<<<<<<<<<<<<<<<<<<<<<<<<<<<<<<<<<<<<<<<<<<<<<<<<<<<<<<<<<<<<<<<

[2023-03-07 15:16:24,764] INFO [org.hibernate.annotations.common.Version: 56] HCANN000001: Hibernate Commons Annotations {5.1.2.Final}
[2023-03-07 15:16:24,863] WARN [org.hibernate.orm.connections.pooling: 72] HHH10001002: Using Hibernate built-in connection pool (not for production use!)
[2023-03-07 15:16:24,869] INFO [org.hibernate.orm.connections.pooling: 115] HHH10001005: using driver [org.postgresql.Driver] at URL [jdbc:postgresql://localhost:5434/postgres]
[2023-03-07 15:16:24,870] INFO [org.hibernate.orm.connections.pooling: 124] HHH10001001: Connection properties: {password=****, user=postgres}
[2023-03-07 15:16:24,871] INFO [org.hibernate.orm.connections.pooling: 129] HHH10001003: Autocommit mode: false
[2023-03-07 15:16:24,874] INFO [org.hibernate.engine.jdbc.connections.internal.DriverManagerConnectionProviderImpl: 274] HHH000115: Hibernate connection pool size: 20 (min=1)
[2023-03-07 15:16:25,120] INFO [org.hibernate.dialect.Dialect: 175] HHH000400: Using dialect: org.hibernate.dialect.PostgreSQL10Dialect
[2023-03-07 15:16:25,860] INFO [org.hibernate.engine.transaction.jta.platform.internal.JtaPlatformInitiator: 52] HHH000490: Using JtaPlatform implementation: [org.hibernate.engine.transaction.jta.platform.internal.NoJtaPlatform]
[2023-03-07 15:16:25,954] INFO [org.hibernate.orm.connections.pooling: 502] HHH10001008: Cleaning up connection pool [jdbc:postgresql://localhost:5434/postgres]
[2023-03-07 15:18:20,559] INFO [org.hibernate.Version: 44] HHH000412: Hibernate ORM core version 5.5.6.Final
[2023-03-07 15:18:20,856] INFO [Hibernate Types: 283] This framework is proudly powered by:

>>>>>>>>>>>>>>>>>>>>>>>>>>>>>>>>>>>>>>>>>>>>>>>>>>>>>>>>>>>>>>>>
 _    _                           _     _
| |  | |                         (_)   | |
| |__| |_   _ _ __   ___ _ __ ___ _ ___| |_ ___ _ __   ___ ___
|  __  | | | | '_ \ / _ \ '__/ __| / __| __/ _ \ '_ \ / __/ _ \
| |  | | |_| | |_) |  __/ |  \__ \ \__ \ ||  __/ | | | (_|  __/
|_|  |_|\__, | .__/ \___|_|  |___/_|___/\__\___|_| |_|\___\___|
         __/ | |
        |___/|_|

At Hypersistence, we only build amazing tools, like Hibernate Types, Flexy Pool, or Hypersistence Optimizer.

What if there were a tool that could automatically detect JPA and Hibernate performance issues?

Hypersistence Optimizer is that tool! For more details, go to: 

https://vladmihalcea.com/hypersistence-optimizer/
<<<<<<<<<<<<<<<<<<<<<<<<<<<<<<<<<<<<<<<<<<<<<<<<<<<<<<<<<<<<<<<<

[2023-03-07 15:18:21,660] INFO [org.hibernate.annotations.common.Version: 56] HCANN000001: Hibernate Commons Annotations {5.1.2.Final}
[2023-03-07 15:18:21,824] WARN [org.hibernate.orm.connections.pooling: 72] HHH10001002: Using Hibernate built-in connection pool (not for production use!)
[2023-03-07 15:18:21,832] INFO [org.hibernate.orm.connections.pooling: 115] HHH10001005: using driver [org.postgresql.Driver] at URL [jdbc:postgresql://localhost:5434/postgres]
[2023-03-07 15:18:21,834] INFO [org.hibernate.orm.connections.pooling: 124] HHH10001001: Connection properties: {password=****, user=postgres}
[2023-03-07 15:18:21,837] INFO [org.hibernate.orm.connections.pooling: 129] HHH10001003: Autocommit mode: false
[2023-03-07 15:18:21,843] INFO [org.hibernate.engine.jdbc.connections.internal.DriverManagerConnectionProviderImpl: 274] HHH000115: Hibernate connection pool size: 20 (min=1)
[2023-03-07 15:18:22,428] INFO [org.hibernate.dialect.Dialect: 175] HHH000400: Using dialect: org.hibernate.dialect.PostgreSQL10Dialect
[2023-03-07 15:18:23,679] INFO [org.hibernate.engine.transaction.jta.platform.internal.JtaPlatformInitiator: 52] HHH000490: Using JtaPlatform implementation: [org.hibernate.engine.transaction.jta.platform.internal.NoJtaPlatform]
[2023-03-07 15:18:23,982] INFO [org.hibernate.orm.connections.pooling: 502] HHH10001008: Cleaning up connection pool [jdbc:postgresql://localhost:5434/postgres]
[2023-03-07 15:22:10,472] INFO [org.hibernate.Version: 44] HHH000412: Hibernate ORM core version 5.5.6.Final
[2023-03-07 15:22:10,605] INFO [Hibernate Types: 283] This framework is proudly powered by:

>>>>>>>>>>>>>>>>>>>>>>>>>>>>>>>>>>>>>>>>>>>>>>>>>>>>>>>>>>>>>>>>
 _    _                           _     _
| |  | |                         (_)   | |
| |__| |_   _ _ __   ___ _ __ ___ _ ___| |_ ___ _ __   ___ ___
|  __  | | | | '_ \ / _ \ '__/ __| / __| __/ _ \ '_ \ / __/ _ \
| |  | | |_| | |_) |  __/ |  \__ \ \__ \ ||  __/ | | | (_|  __/
|_|  |_|\__, | .__/ \___|_|  |___/_|___/\__\___|_| |_|\___\___|
         __/ | |
        |___/|_|

At Hypersistence, we only build amazing tools, like Hibernate Types, Flexy Pool, or Hypersistence Optimizer.

What if there were a tool that could automatically detect JPA and Hibernate performance issues?

Hypersistence Optimizer is that tool! For more details, go to: 

https://vladmihalcea.com/hypersistence-optimizer/
<<<<<<<<<<<<<<<<<<<<<<<<<<<<<<<<<<<<<<<<<<<<<<<<<<<<<<<<<<<<<<<<

[2023-03-07 15:22:10,973] INFO [org.hibernate.annotations.common.Version: 56] HCANN000001: Hibernate Commons Annotations {5.1.2.Final}
[2023-03-07 15:22:11,072] WARN [org.hibernate.orm.connections.pooling: 72] HHH10001002: Using Hibernate built-in connection pool (not for production use!)
[2023-03-07 15:22:11,078] INFO [org.hibernate.orm.connections.pooling: 115] HHH10001005: using driver [org.postgresql.Driver] at URL [jdbc:postgresql://localhost:5434/postgres]
[2023-03-07 15:22:11,079] INFO [org.hibernate.orm.connections.pooling: 124] HHH10001001: Connection properties: {password=****, user=postgres}
[2023-03-07 15:22:11,081] INFO [org.hibernate.orm.connections.pooling: 129] HHH10001003: Autocommit mode: false
[2023-03-07 15:22:11,084] INFO [org.hibernate.engine.jdbc.connections.internal.DriverManagerConnectionProviderImpl: 274] HHH000115: Hibernate connection pool size: 20 (min=1)
[2023-03-07 15:22:11,316] INFO [org.hibernate.dialect.Dialect: 175] HHH000400: Using dialect: org.hibernate.dialect.PostgreSQL10Dialect
[2023-03-07 15:22:12,018] INFO [org.hibernate.engine.transaction.jta.platform.internal.JtaPlatformInitiator: 52] HHH000490: Using JtaPlatform implementation: [org.hibernate.engine.transaction.jta.platform.internal.NoJtaPlatform]
[2023-03-07 15:22:12,099] WARN [org.hibernate.engine.jdbc.spi.SqlExceptionHelper: 137] SQL Error: 0, SQLState: 23502
[2023-03-07 15:22:12,102] ERROR [org.hibernate.engine.jdbc.spi.SqlExceptionHelper: 142] ERROR: null value in column "user_id" of relation "clients" violates not-null constraint
  Detail: Failing row contains (2, null, 1974-08-01, 1156, 2028-01-06).
[2023-03-07 15:22:12,109] INFO [org.hibernate.orm.connections.pooling: 502] HHH10001008: Cleaning up connection pool [jdbc:postgresql://localhost:5434/postgres]
[2023-03-07 15:22:52,483] INFO [org.hibernate.Version: 44] HHH000412: Hibernate ORM core version 5.5.6.Final
[2023-03-07 15:22:52,645] INFO [Hibernate Types: 283] This framework is proudly powered by:

>>>>>>>>>>>>>>>>>>>>>>>>>>>>>>>>>>>>>>>>>>>>>>>>>>>>>>>>>>>>>>>>
 _    _                           _     _
| |  | |                         (_)   | |
| |__| |_   _ _ __   ___ _ __ ___ _ ___| |_ ___ _ __   ___ ___
|  __  | | | | '_ \ / _ \ '__/ __| / __| __/ _ \ '_ \ / __/ _ \
| |  | | |_| | |_) |  __/ |  \__ \ \__ \ ||  __/ | | | (_|  __/
|_|  |_|\__, | .__/ \___|_|  |___/_|___/\__\___|_| |_|\___\___|
         __/ | |
        |___/|_|

At Hypersistence, we only build amazing tools, like Hibernate Types, Flexy Pool, or Hypersistence Optimizer.

What if there were a tool that could automatically detect JPA and Hibernate performance issues?

Hypersistence Optimizer is that tool! For more details, go to: 

https://vladmihalcea.com/hypersistence-optimizer/
<<<<<<<<<<<<<<<<<<<<<<<<<<<<<<<<<<<<<<<<<<<<<<<<<<<<<<<<<<<<<<<<

[2023-03-07 15:22:53,074] INFO [org.hibernate.annotations.common.Version: 56] HCANN000001: Hibernate Commons Annotations {5.1.2.Final}
[2023-03-07 15:22:53,171] WARN [org.hibernate.orm.connections.pooling: 72] HHH10001002: Using Hibernate built-in connection pool (not for production use!)
[2023-03-07 15:22:53,176] INFO [org.hibernate.orm.connections.pooling: 115] HHH10001005: using driver [org.postgresql.Driver] at URL [jdbc:postgresql://localhost:5434/postgres]
[2023-03-07 15:22:53,188] INFO [org.hibernate.orm.connections.pooling: 124] HHH10001001: Connection properties: {password=****, user=postgres}
[2023-03-07 15:22:53,190] INFO [org.hibernate.orm.connections.pooling: 129] HHH10001003: Autocommit mode: false
[2023-03-07 15:22:53,192] INFO [org.hibernate.engine.jdbc.connections.internal.DriverManagerConnectionProviderImpl: 274] HHH000115: Hibernate connection pool size: 20 (min=1)
[2023-03-07 15:22:53,474] INFO [org.hibernate.dialect.Dialect: 175] HHH000400: Using dialect: org.hibernate.dialect.PostgreSQL10Dialect
[2023-03-07 15:22:54,090] INFO [org.hibernate.engine.transaction.jta.platform.internal.JtaPlatformInitiator: 52] HHH000490: Using JtaPlatform implementation: [org.hibernate.engine.transaction.jta.platform.internal.NoJtaPlatform]
[2023-03-07 15:22:54,197] INFO [org.hibernate.orm.connections.pooling: 502] HHH10001008: Cleaning up connection pool [jdbc:postgresql://localhost:5434/postgres]
[2023-03-07 15:25:54,391] INFO [org.hibernate.Version: 44] HHH000412: Hibernate ORM core version 5.5.6.Final
[2023-03-07 15:25:54,578] INFO [Hibernate Types: 283] This framework is proudly powered by:

>>>>>>>>>>>>>>>>>>>>>>>>>>>>>>>>>>>>>>>>>>>>>>>>>>>>>>>>>>>>>>>>
 _    _                           _     _
| |  | |                         (_)   | |
| |__| |_   _ _ __   ___ _ __ ___ _ ___| |_ ___ _ __   ___ ___
|  __  | | | | '_ \ / _ \ '__/ __| / __| __/ _ \ '_ \ / __/ _ \
| |  | | |_| | |_) |  __/ |  \__ \ \__ \ ||  __/ | | | (_|  __/
|_|  |_|\__, | .__/ \___|_|  |___/_|___/\__\___|_| |_|\___\___|
         __/ | |
        |___/|_|

At Hypersistence, we only build amazing tools, like Hibernate Types, Flexy Pool, or Hypersistence Optimizer.

What if there were a tool that could automatically detect JPA and Hibernate performance issues?

Hypersistence Optimizer is that tool! For more details, go to: 

https://vladmihalcea.com/hypersistence-optimizer/
<<<<<<<<<<<<<<<<<<<<<<<<<<<<<<<<<<<<<<<<<<<<<<<<<<<<<<<<<<<<<<<<

[2023-03-07 15:25:55,094] INFO [org.hibernate.annotations.common.Version: 56] HCANN000001: Hibernate Commons Annotations {5.1.2.Final}
[2023-03-07 15:25:55,225] WARN [org.hibernate.orm.connections.pooling: 72] HHH10001002: Using Hibernate built-in connection pool (not for production use!)
[2023-03-07 15:25:55,234] INFO [org.hibernate.orm.connections.pooling: 115] HHH10001005: using driver [org.postgresql.Driver] at URL [jdbc:postgresql://localhost:5434/postgres]
[2023-03-07 15:25:55,248] INFO [org.hibernate.orm.connections.pooling: 124] HHH10001001: Connection properties: {password=****, user=postgres}
[2023-03-07 15:25:55,253] INFO [org.hibernate.orm.connections.pooling: 129] HHH10001003: Autocommit mode: false
[2023-03-07 15:25:55,257] INFO [org.hibernate.engine.jdbc.connections.internal.DriverManagerConnectionProviderImpl: 274] HHH000115: Hibernate connection pool size: 20 (min=1)
[2023-03-07 15:25:55,607] INFO [org.hibernate.dialect.Dialect: 175] HHH000400: Using dialect: org.hibernate.dialect.PostgreSQL10Dialect
[2023-03-07 15:25:56,390] INFO [org.hibernate.engine.transaction.jta.platform.internal.JtaPlatformInitiator: 52] HHH000490: Using JtaPlatform implementation: [org.hibernate.engine.transaction.jta.platform.internal.NoJtaPlatform]
[2023-03-07 15:25:56,468] INFO [org.hibernate.orm.connections.pooling: 502] HHH10001008: Cleaning up connection pool [jdbc:postgresql://localhost:5434/postgres]
[2023-03-07 15:26:38,480] INFO [org.hibernate.Version: 44] HHH000412: Hibernate ORM core version 5.5.6.Final
[2023-03-07 15:26:38,696] INFO [Hibernate Types: 283] This framework is proudly powered by:

>>>>>>>>>>>>>>>>>>>>>>>>>>>>>>>>>>>>>>>>>>>>>>>>>>>>>>>>>>>>>>>>
 _    _                           _     _
| |  | |                         (_)   | |
| |__| |_   _ _ __   ___ _ __ ___ _ ___| |_ ___ _ __   ___ ___
|  __  | | | | '_ \ / _ \ '__/ __| / __| __/ _ \ '_ \ / __/ _ \
| |  | | |_| | |_) |  __/ |  \__ \ \__ \ ||  __/ | | | (_|  __/
|_|  |_|\__, | .__/ \___|_|  |___/_|___/\__\___|_| |_|\___\___|
         __/ | |
        |___/|_|

At Hypersistence, we only build amazing tools, like Hibernate Types, Flexy Pool, or Hypersistence Optimizer.

What if there were a tool that could automatically detect JPA and Hibernate performance issues?

Hypersistence Optimizer is that tool! For more details, go to: 

https://vladmihalcea.com/hypersistence-optimizer/
<<<<<<<<<<<<<<<<<<<<<<<<<<<<<<<<<<<<<<<<<<<<<<<<<<<<<<<<<<<<<<<<

[2023-03-07 15:26:39,451] INFO [org.hibernate.annotations.common.Version: 56] HCANN000001: Hibernate Commons Annotations {5.1.2.Final}
[2023-03-07 15:26:39,649] WARN [org.hibernate.orm.connections.pooling: 72] HHH10001002: Using Hibernate built-in connection pool (not for production use!)
[2023-03-07 15:26:39,669] INFO [org.hibernate.orm.connections.pooling: 115] HHH10001005: using driver [org.postgresql.Driver] at URL [jdbc:postgresql://localhost:5434/postgres]
[2023-03-07 15:26:39,672] INFO [org.hibernate.orm.connections.pooling: 124] HHH10001001: Connection properties: {password=****, user=postgres}
[2023-03-07 15:26:39,676] INFO [org.hibernate.orm.connections.pooling: 129] HHH10001003: Autocommit mode: false
[2023-03-07 15:26:39,679] INFO [org.hibernate.engine.jdbc.connections.internal.DriverManagerConnectionProviderImpl: 274] HHH000115: Hibernate connection pool size: 20 (min=1)
[2023-03-07 15:26:40,121] INFO [org.hibernate.dialect.Dialect: 175] HHH000400: Using dialect: org.hibernate.dialect.PostgreSQL10Dialect
[2023-03-07 15:26:40,938] INFO [org.hibernate.engine.transaction.jta.platform.internal.JtaPlatformInitiator: 52] HHH000490: Using JtaPlatform implementation: [org.hibernate.engine.transaction.jta.platform.internal.NoJtaPlatform]
[2023-03-07 15:26:41,033] INFO [org.hibernate.orm.connections.pooling: 502] HHH10001008: Cleaning up connection pool [jdbc:postgresql://localhost:5434/postgres]
[2023-03-07 15:32:07,659] INFO [org.hibernate.Version: 44] HHH000412: Hibernate ORM core version 5.5.6.Final
[2023-03-07 15:32:07,879] INFO [Hibernate Types: 283] This framework is proudly powered by:

>>>>>>>>>>>>>>>>>>>>>>>>>>>>>>>>>>>>>>>>>>>>>>>>>>>>>>>>>>>>>>>>
 _    _                           _     _
| |  | |                         (_)   | |
| |__| |_   _ _ __   ___ _ __ ___ _ ___| |_ ___ _ __   ___ ___
|  __  | | | | '_ \ / _ \ '__/ __| / __| __/ _ \ '_ \ / __/ _ \
| |  | | |_| | |_) |  __/ |  \__ \ \__ \ ||  __/ | | | (_|  __/
|_|  |_|\__, | .__/ \___|_|  |___/_|___/\__\___|_| |_|\___\___|
         __/ | |
        |___/|_|

At Hypersistence, we only build amazing tools, like Hibernate Types, Flexy Pool, or Hypersistence Optimizer.

What if there were a tool that could automatically detect JPA and Hibernate performance issues?

Hypersistence Optimizer is that tool! For more details, go to: 

https://vladmihalcea.com/hypersistence-optimizer/
<<<<<<<<<<<<<<<<<<<<<<<<<<<<<<<<<<<<<<<<<<<<<<<<<<<<<<<<<<<<<<<<

[2023-03-07 15:32:09,276] INFO [org.hibernate.annotations.common.Version: 56] HCANN000001: Hibernate Commons Annotations {5.1.2.Final}
[2023-03-07 15:32:09,718] WARN [org.hibernate.orm.connections.pooling: 72] HHH10001002: Using Hibernate built-in connection pool (not for production use!)
[2023-03-07 15:32:09,725] INFO [org.hibernate.orm.connections.pooling: 115] HHH10001005: using driver [org.postgresql.Driver] at URL [jdbc:postgresql://localhost:5434/postgres]
[2023-03-07 15:32:09,730] INFO [org.hibernate.orm.connections.pooling: 124] HHH10001001: Connection properties: {password=****, user=postgres}
[2023-03-07 15:32:09,731] INFO [org.hibernate.orm.connections.pooling: 129] HHH10001003: Autocommit mode: false
[2023-03-07 15:32:09,739] INFO [org.hibernate.engine.jdbc.connections.internal.DriverManagerConnectionProviderImpl: 274] HHH000115: Hibernate connection pool size: 20 (min=1)
[2023-03-07 15:32:10,159] INFO [org.hibernate.dialect.Dialect: 175] HHH000400: Using dialect: org.hibernate.dialect.PostgreSQL10Dialect
[2023-03-07 15:32:11,040] INFO [org.hibernate.engine.transaction.jta.platform.internal.JtaPlatformInitiator: 52] HHH000490: Using JtaPlatform implementation: [org.hibernate.engine.transaction.jta.platform.internal.NoJtaPlatform]
[2023-03-07 15:32:11,205] INFO [org.hibernate.orm.connections.pooling: 502] HHH10001008: Cleaning up connection pool [jdbc:postgresql://localhost:5434/postgres]
